<?xml version="1.0" encoding="UTF-8"?>
<!-- Generated by org.testng.reporters.JUnitReportReporter -->
<testsuite hostname="LAPTOP-QNMGACMU" failures="0" tests="1" name="com.orangeHRM.testcases.HomePageTest" time="2.875" errors="0" timestamp="2024-12-16T22:23:51 IST" skipped="0">
  <testcase classname="com.orangeHRM.testcases.HomePageTest" name="verifyAdminTab" time="2.875"/>
  <system-out/>
</testsuite> <!-- com.orangeHRM.testcases.HomePageTest -->
