<?xml version="1.0" encoding="UTF-8"?>
<!-- Generated by org.testng.reporters.JUnitReportReporter -->
<testsuite hostname="LAPTOP-QNMGACMU" failures="0" tests="3" name="com.orangeHRM.testcases.EditPageTest" time="11.399" errors="0" timestamp="2024-11-10T22:45:09 IST" skipped="0">
  <testcase classname="com.orangeHRM.testcases.EditPageTest" name="verifyUsername" time="0.069"/>
  <system-out/>
  <testcase classname="com.orangeHRM.testcases.EditPageTest" name="verifyUserRole" time="5.200"/>
  <system-out/>
  <testcase classname="com.orangeHRM.testcases.EditPageTest" name="verifyEmployee" time="6.130"/>
  <system-out/>
</testsuite> <!-- com.orangeHRM.testcases.EditPageTest -->
