<?xml version="1.0" encoding="UTF-8"?>
<!-- Generated by org.testng.reporters.JUnitReportReporter -->
<testsuite hostname="LAPTOP-QNMGACMU" failures="0" tests="3" name="com.orangeHRM.testcases.LoginPageTest" time="6.503" errors="0" timestamp="2024-12-16T22:23:25 IST" skipped="0">
  <testcase classname="com.orangeHRM.testcases.LoginPageTest" name="verifyLogo" time="3.069"/>
  <system-out/>
  <testcase classname="com.orangeHRM.testcases.LoginPageTest" name="verifyTitle" time="0.006"/>
  <system-out/>
  <testcase classname="com.orangeHRM.testcases.LoginPageTest" name="loginTest" time="3.428"/>
  <system-out/>
</testsuite> <!-- com.orangeHRM.testcases.LoginPageTest -->
