<?xml version="1.0" encoding="UTF-8"?>
<!-- Generated by org.testng.reporters.JUnitReportReporter -->
<testsuite hostname="LAPTOP-QNMGACMU" failures="0" tests="1" name="com.orangeHRM.testcases.AdminPageTest" time="4.563" errors="0" timestamp="2024-12-16T22:24:26 IST" skipped="0">
  <testcase classname="com.orangeHRM.testcases.AdminPageTest" name="verifyAddUser" time="4.563"/>
  <system-out/>
</testsuite> <!-- com.orangeHRM.testcases.AdminPageTest -->
