<?xml version="1.0" encoding="UTF-8"?>
<!-- Generated by org.testng.reporters.JUnitReportReporter -->
<testsuite hostname="LAPTOP-QNMGACMU" failures="0" tests="5" name="com.orangeHRM.testcases.SystemUserPageTest" time="20.623" errors="0" timestamp="2024-11-10T22:39:20 IST" skipped="0">
  <testcase classname="com.orangeHRM.testcases.SystemUserPageTest" name="verifyUsername" time="0.055"/>
  <system-out/>
  <testcase classname="com.orangeHRM.testcases.SystemUserPageTest" name="verifyUserRole" time="5.190"/>
  <system-out/>
  <testcase classname="com.orangeHRM.testcases.SystemUserPageTest" name="verifyEmployee" time="6.157"/>
  <system-out/>
  <testcase classname="com.orangeHRM.testcases.SystemUserPageTest" name="verifyStatus" time="6.187"/>
  <system-out/>
  <testcase classname="com.orangeHRM.testcases.SystemUserPageTest" name="verifySearch" time="3.034"/>
  <system-out/>
</testsuite> <!-- com.orangeHRM.testcases.SystemUserPageTest -->
