<?xml version="1.0" encoding="UTF-8"?>
<!-- Generated by org.testng.reporters.JUnitReportReporter -->
<testsuite hostname="LAPTOP-QNMGACMU" failures="0" tests="5" name="com.orangeHRM.testcases.AddUserPageTest" time="23.824" errors="0" timestamp="2024-12-16T22:26:08 IST" skipped="0">
  <testcase classname="com.orangeHRM.testcases.AddUserPageTest" name="verifyAddUserUsername" time="3.092"/>
  <system-out/>
  <testcase classname="com.orangeHRM.testcases.AddUserPageTest" name="verifyAddUserUserRole" time="5.169"/>
  <system-out/>
  <testcase classname="com.orangeHRM.testcases.AddUserPageTest" name="veifyAddUserEMPname" time="5.112"/>
  <system-out/>
  <testcase classname="com.orangeHRM.testcases.AddUserPageTest" name="verifyAddUserStatus" time="5.183"/>
  <system-out/>
  <testcase classname="com.orangeHRM.testcases.AddUserPageTest" name="verifyPassword" time="5.268"/>
  <system-out/>
</testsuite> <!-- com.orangeHRM.testcases.AddUserPageTest -->
